<?xml version="1.0" encoding="UTF-8"?>
<!-- Generated by org.testng.reporters.JUnitReportReporter -->
<testsuite hostname="DESKTOP-BRPE7R0" failures="0" tests="1" name="BaseTestRunner.LoginPaseRunner" time="0.024" errors="0" timestamp="2024-07-14T12:33:47 GMT-05:00" skipped="0">
  <testcase classname="BaseTestRunner.LoginPaseRunner" name="TC__001" time="0.024"/>
</testsuite> <!-- BaseTestRunner.LoginPaseRunner -->
