<?xml version="1.0" encoding="UTF-8"?>
<!-- Generated by org.testng.reporters.JUnitReportReporter -->
<testsuite hostname="DESKTOP-BRPE7R0" failures="0" tests="1" name="BaseTestRunner.HomePageRunner" time="7.748" errors="0" timestamp="2024-07-11T16:53:50 GMT-05:00" skipped="0">
  <testcase classname="BaseTestRunner.HomePageRunner" name="TC__002" time="7.748"/>
</testsuite> <!-- BaseTestRunner.HomePageRunner -->
