<?xml version="1.0" encoding="UTF-8"?>
<!-- Generated by org.testng.reporters.JUnitReportReporter -->
<testsuite hostname="DESKTOP-BRPE7R0" failures="0" tests="1" name="BaseTestRunner.LoginPageRunner" time="1.462" errors="0" timestamp="2024-07-16T17:35:26 GMT-05:00" skipped="0">
  <testcase classname="BaseTestRunner.LoginPageRunner" name="validSignin" time="1.462"/>
</testsuite> <!-- BaseTestRunner.LoginPageRunner -->
